# JRE version: Java(TM) SE Runtime Environment (9.0+11) (build 9.0.4+11)
# Java VM: Java HotSpot(TM) 64-Bit Server VM (9.0.4+11, mixed mode, tiered, compressed oops, g1 gc, windows-amd64)
Heap:
 garbage-first heap   total 425984K, used 231386K [0x0000000700000000, 0x0000000700100d00, 0x00000007c0000000)
  region size 1024K, 8 young (8192K), 2 survivors (2048K)
 Metaspace       used 102753K, capacity 106011K, committed 110928K, reserved 1144832K
  class space    used 14827K, capacity 15434K, committed 16508K, reserved 1048576K
GC Heap History (10 events):
Event: 30149.958 GC heap before
{Heap before GC invocations=1461 (full 28):
 garbage-first heap   total 425984K, used 285537K [0x0000000700000000, 0x0000000700100d00, 0x00000007c0000000)
  region size 1024K, 60 young (61440K), 2 survivors (2048K)
 Metaspace       used 102745K, capacity 106011K, committed 110928K, reserved 1144832K
  class space    used 14827K, capacity 15434K, committed 16508K, reserved 1048576K
}
Event: 30149.962 GC heap after
{Heap after GC invocations=1462 (full 28):
 garbage-first heap   total 425984K, used 226069K [0x0000000700000000, 0x0000000700100d00, 0x00000007c0000000)
  region size 1024K, 2 young (2048K), 2 survivors (2048K)
 Metaspace       used 102745K, capacity 106011K, committed 110928K, reserved 1144832K
  class space    used 14827K, capacity 15434K, committed 16508K, reserved 1048576K
}
Event: 30150.227 GC heap before
{Heap before GC invocations=1463 (full 28):
 garbage-first heap   total 425984K, used 285461K [0x0000000700000000, 0x0000000700100d00, 0x00000007c0000000)
  region size 1024K, 60 young (61440K), 2 survivors (2048K)
 Metaspace       used 102745K, capacity 106011K, committed 110928K, reserved 1144832K
  class space    used 14827K, capacity 15434K, committed 16508K, reserved 1048576K
}
Event: 30150.231 GC heap after
{Heap after GC invocations=1464 (full 28):
 garbage-first heap   total 425984K, used 226092K [0x0000000700000000, 0x0000000700100d00, 0x00000007c0000000)
  region size 1024K, 2 young (2048K), 2 survivors (2048K)
 Metaspace       used 102745K, capacity 106011K, committed 110928K, reserved 1144832K
  class space    used 14827K, capacity 15434K, committed 16508K, reserved 1048576K
}
Event: 30151.184 GC heap before
{Heap before GC invocations=1464 (full 28):
 garbage-first heap   total 425984K, used 285484K [0x0000000700000000, 0x0000000700100d00, 0x00000007c0000000)
  region size 1024K, 60 young (61440K), 2 survivors (2048K)
 Metaspace       used 102745K, capacity 106011K, committed 110928K, reserved 1144832K
  class space    used 14827K, capacity 15434K, committed 16508K, reserved 1048576K
}
Event: 30151.189 GC heap after
{Heap after GC invocations=1465 (full 28):
 garbage-first heap   total 425984K, used 226093K [0x0000000700000000, 0x0000000700100d00, 0x00000007c0000000)
  region size 1024K, 2 young (2048K), 2 survivors (2048K)
 Metaspace       used 102745K, capacity 106011K, committed 110928K, reserved 1144832K
  class space    used 14827K, capacity 15434K, committed 16508K, reserved 1048576K
}
Event: 30151.700 GC heap before
{Heap before GC invocations=1466 (full 28):
 garbage-first heap   total 425984K, used 285485K [0x0000000700000000, 0x0000000700100d00, 0x00000007c0000000)
  region size 1024K, 60 young (61440K), 2 survivors (2048K)
 Metaspace       used 102745K, capacity 106011K, committed 110928K, reserved 1144832K
  class space    used 14827K, capacity 15434K, committed 16508K, reserved 1048576K
}
Event: 30151.705 GC heap after
{Heap after GC invocations=1467 (full 28):
 garbage-first heap   total 425984K, used 226140K [0x0000000700000000, 0x0000000700100d00, 0x00000007c0000000)
  region size 1024K, 2 young (2048K), 2 survivors (2048K)
 Metaspace       used 102745K, capacity 106011K, committed 110928K, reserved 1144832K
  class space    used 14827K, capacity 15434K, committed 16508K, reserved 1048576K
}
Event: 30152.872 GC heap before
{Heap before GC invocations=1467 (full 28):
 garbage-first heap   total 425984K, used 285532K [0x0000000700000000, 0x0000000700100d00, 0x00000007c0000000)
  region size 1024K, 60 young (61440K), 2 survivors (2048K)
 Metaspace       used 102745K, capacity 106011K, committed 110928K, reserved 1144832K
  class space    used 14827K, capacity 15434K, committed 16508K, reserved 1048576K
}
Event: 30152.876 GC heap after
{Heap after GC invocations=1468 (full 28):
 garbage-first heap   total 425984K, used 226266K [0x0000000700000000, 0x0000000700100d00, 0x00000007c0000000)
  region size 1024K, 2 young (2048K), 2 survivors (2048K)
 Metaspace       used 102745K, capacity 106011K, committed 110928K, reserved 1144832K
  class space    used 14827K, capacity 15434K, committed 16508K, reserved 1048576K
}

